# JRE version: 7.0_21-b11
# Java VM: Java HotSpot(TM) 64-Bit Server VM (23.21-b01 mixed mode windows-amd64 compressed oops)
Heap
 PSYoungGen      total 64704K, used 16886K [0x00000007d5eb0000, 0x00000007daed0000, 0x0000000800000000)
  eden space 59456K, 19% used [0x00000007d5eb0000,0x00000007d6a0f518,0x00000007d98c0000)
  from space 5248K, 99% used [0x00000007d9e00000,0x00000007da31e360,0x00000007da320000)
  to   space 5376K, 0% used [0x00000007d98c0000,0x00000007d98c0000,0x00000007d9e00000)
 ParOldGen       total 147328K, used 58237K [0x0000000781c00000, 0x000000078abe0000, 0x00000007d5eb0000)
  object space 147328K, 39% used [0x0000000781c00000,0x00000007854df640,0x000000078abe0000)
 PSPermGen       total 23424K, used 18455K [0x000000077ca00000, 0x000000077e0e0000, 0x0000000781c00000)
  object space 23424K, 78% used [0x000000077ca00000,0x000000077dc05d20,0x000000077e0e0000)
GC Heap History (10 events):
Event: 1.438 GC heap before
{Heap before GC invocations=1 (full 0):
 PSYoungGen      total 37696K, used 32312K [0x00000007d5eb0000, 0x00000007d88c0000, 0x0000000800000000)
  eden space 32320K, 99% used [0x00000007d5eb0000,0x00000007d7e3e2f0,0x00000007d7e40000)
  from space 5376K, 0% used [0x00000007d8380000,0x00000007d8380000,0x00000007d88c0000)
  to   space 5376K, 0% used [0x00000007d7e40000,0x00000007d7e40000,0x00000007d8380000)
 ParOldGen       total 86208K, used 39356K [0x0000000781c00000, 0x0000000787030000, 0x00000007d5eb0000)
  object space 86208K, 45% used [0x0000000781c00000,0x000000078426f0d0,0x0000000787030000)
 PSPermGen       total 21248K, used 11573K [0x000000077ca00000, 0x000000077dec0000, 0x0000000781c00000)
  object space 21248K, 54% used [0x000000077ca00000,0x000000077d54d6e8,0x000000077dec0000)
Event: 1.471 GC heap after
Heap after GC invocations=1 (full 0):
 PSYoungGen      total 37696K, used 2049K [0x00000007d5eb0000, 0x00000007da850000, 0x0000000800000000)
  eden space 32320K, 0% used [0x00000007d5eb0000,0x00000007d5eb0000,0x00000007d7e40000)
  from space 5376K, 38% used [0x00000007d7e40000,0x00000007d80407b0,0x00000007d8380000)
  to   space 5376K, 0% used [0x00000007da310000,0x00000007da310000,0x00000007da850000)
 ParOldGen       total 86208K, used 78625K [0x0000000781c00000, 0x0000000787030000, 0x00000007d5eb0000)
  object space 86208K, 91% used [0x0000000781c00000,0x00000007868c8788,0x0000000787030000)
 PSPermGen       total 21248K, used 11573K [0x000000077ca00000, 0x000000077dec0000, 0x0000000781c00000)
  object space 21248K, 54% used [0x000000077ca00000,0x000000077d54d6e8,0x000000077dec0000)
}
Event: 1.471 GC heap before
{Heap before GC invocations=2 (full 1):
 PSYoungGen      total 37696K, used 2049K [0x00000007d5eb0000, 0x00000007da850000, 0x0000000800000000)
  eden space 32320K, 0% used [0x00000007d5eb0000,0x00000007d5eb0000,0x00000007d7e40000)
  from space 5376K, 38% used [0x00000007d7e40000,0x00000007d80407b0,0x00000007d8380000)
  to   space 5376K, 0% used [0x00000007da310000,0x00000007da310000,0x00000007da850000)
 ParOldGen       total 86208K, used 78625K [0x0000000781c00000, 0x0000000787030000, 0x00000007d5eb0000)
  object space 86208K, 91% used [0x0000000781c00000,0x00000007868c8788,0x0000000787030000)
 PSPermGen       total 21248K, used 11573K [0x000000077ca00000, 0x000000077dec0000, 0x0000000781c00000)
  object space 21248K, 54% used [0x000000077ca00000,0x000000077d54d6e8,0x000000077dec0000)
Event: 1.506 GC heap after
Heap after GC invocations=2 (full 1):
 PSYoungGen      total 37696K, used 0K [0x00000007d5eb0000, 0x00000007da850000, 0x0000000800000000)
  eden space 32320K, 0% used [0x00000007d5eb0000,0x00000007d5eb0000,0x00000007d7e40000)
  from space 5376K, 0% used [0x00000007d7e40000,0x00000007d7e40000,0x00000007d8380000)
  to   space 5376K, 0% used [0x00000007da310000,0x00000007da310000,0x00000007da850000)
 ParOldGen       total 147328K, used 54329K [0x0000000781c00000, 0x000000078abe0000, 0x00000007d5eb0000)
  object space 147328K, 36% used [0x0000000781c00000,0x000000078510e650,0x000000078abe0000)
 PSPermGen       total 23424K, used 11569K [0x000000077ca00000, 0x000000077e0e0000, 0x0000000781c00000)
  object space 23424K, 49% used [0x000000077ca00000,0x000000077d54c650,0x000000077e0e0000)
}
Event: 1.743 GC heap before
{Heap before GC invocations=3 (full 1):
 PSYoungGen      total 37696K, used 32320K [0x00000007d5eb0000, 0x00000007da850000, 0x0000000800000000)
  eden space 32320K, 100% used [0x00000007d5eb0000,0x00000007d7e40000,0x00000007d7e40000)
  from space 5376K, 0% used [0x00000007d7e40000,0x00000007d7e40000,0x00000007d8380000)
  to   space 5376K, 0% used [0x00000007da310000,0x00000007da310000,0x00000007da850000)
 ParOldGen       total 147328K, used 54329K [0x0000000781c00000, 0x000000078abe0000, 0x00000007d5eb0000)
  object space 147328K, 36% used [0x0000000781c00000,0x000000078510e650,0x000000078abe0000)
 PSPermGen       total 23424K, used 11575K [0x000000077ca00000, 0x000000077e0e0000, 0x0000000781c00000)
  object space 23424K, 49% used [0x000000077ca00000,0x000000077d54ddb0,0x000000077e0e0000)
Event: 1.745 GC heap after
Heap after GC invocations=3 (full 1):
 PSYoungGen      total 44800K, used 128K [0x00000007d5eb0000, 0x00000007da340000, 0x0000000800000000)
  eden space 44608K, 0% used [0x00000007d5eb0000,0x00000007d5eb0000,0x00000007d8a40000)
  from space 192K, 66% used [0x00000007da310000,0x00000007da330078,0x00000007da340000)
  to   space 5376K, 0% used [0x00000007d98c0000,0x00000007d98c0000,0x00000007d9e00000)
 ParOldGen       total 147328K, used 54329K [0x0000000781c00000, 0x000000078abe0000, 0x00000007d5eb0000)
  object space 147328K, 36% used [0x0000000781c00000,0x000000078510e650,0x000000078abe0000)
 PSPermGen       total 23424K, used 11575K [0x000000077ca00000, 0x000000077e0e0000, 0x0000000781c00000)
  object space 23424K, 49% used [0x000000077ca00000,0x000000077d54ddb0,0x000000077e0e0000)
}
Event: 72.801 GC heap before
{Heap before GC invocations=4 (full 1):
 PSYoungGen      total 44800K, used 44736K [0x00000007d5eb0000, 0x00000007da340000, 0x0000000800000000)
  eden space 44608K, 100% used [0x00000007d5eb0000,0x00000007d8a40000,0x00000007d8a40000)
  from space 192K, 66% used [0x00000007da310000,0x00000007da330078,0x00000007da340000)
  to   space 5376K, 0% used [0x00000007d98c0000,0x00000007d98c0000,0x00000007d9e00000)
 ParOldGen       total 147328K, used 54329K [0x0000000781c00000, 0x000000078abe0000, 0x00000007d5eb0000)
  object space 147328K, 36% used [0x0000000781c00000,0x000000078510e650,0x000000078abe0000)
 PSPermGen       total 23424K, used 17805K [0x000000077ca00000, 0x000000077e0e0000, 0x0000000781c00000)
  object space 23424K, 76% used [0x000000077ca00000,0x000000077db634b8,0x000000077e0e0000)
Event: 72.810 GC heap after
Heap after GC invocations=4 (full 1):
 PSYoungGen      total 62976K, used 5361K [0x00000007d5eb0000, 0x00000007da320000, 0x0000000800000000)
  eden space 57600K, 0% used [0x00000007d5eb0000,0x00000007d5eb0000,0x00000007d96f0000)
  from space 5376K, 99% used [0x00000007d98c0000,0x00000007d9dfc420,0x00000007d9e00000)
  to   space 5248K, 0% used [0x00000007d9e00000,0x00000007d9e00000,0x00000007da320000)
 ParOldGen       total 147328K, used 54470K [0x0000000781c00000, 0x000000078abe0000, 0x00000007d5eb0000)
  object space 147328K, 36% used [0x0000000781c00000,0x0000000785131820,0x000000078abe0000)
 PSPermGen       total 23424K, used 17805K [0x000000077ca00000, 0x000000077e0e0000, 0x0000000781c00000)
  object space 23424K, 76% used [0x000000077ca00000,0x000000077db634b8,0x000000077e0e0000)
}
Event: 105.426 GC heap before
{Heap before GC invocations=5 (full 1):
 PSYoungGen      total 62976K, used 62961K [0x00000007d5eb0000, 0x00000007da320000, 0x0000000800000000)
  eden space 57600K, 100% used [0x00000007d5eb0000,0x00000007d96f0000,0x00000007d96f0000)
  from space 5376K, 99% used [0x00000007d98c0000,0x00000007d9dfc420,0x00000007d9e00000)
  to   space 5248K, 0% used [0x00000007d9e00000,0x00000007d9e00000,0x00000007da320000)
 ParOldGen       total 147328K, used 54470K [0x0000000781c00000, 0x000000078abe0000, 0x00000007d5eb0000)
  object space 147328K, 36% used [0x0000000781c00000,0x0000000785131820,0x000000078abe0000)
 PSPermGen       total 23424K, used 18428K [0x000000077ca00000, 0x000000077e0e0000, 0x0000000781c00000)
  object space 23424K, 78% used [0x000000077ca00000,0x000000077dbff110,0x000000077e0e0000)
Event: 105.434 GC heap after
Heap after GC invocations=5 (full 1):
 PSYoungGen      total 64704K, used 5240K [0x00000007d5eb0000, 0x00000007daed0000, 0x0000000800000000)
  eden space 59456K, 0% used [0x00000007d5eb0000,0x00000007d5eb0000,0x00000007d98c0000)
  from space 5248K, 99% used [0x00000007d9e00000,0x00000007da31e360,0x00000007da320000)
  to   space 5376K, 0% used [0x00000007d98c0000,0x00000007d98c0000,0x00000007d9e00000)
 ParOldGen       total 147328K, used 58237K [0x0000000781c00000, 0x000000078abe0000, 0x00000007d5eb0000)
  object space 147328K, 39% used [0x0000000781c00000,0x00000007854df640,0x000000078abe0000)
 PSPermGen       total 23424K, used 18428K [0x000000077ca00000, 0x000000077e0e0000, 0x0000000781c00000)
  object space 23424K, 78% used [0x000000077ca00000,0x000000077dbff110,0x000000077e0e0000)
}

