# JRE version: 7.0_21-b11
# Java VM: Java HotSpot(TM) 64-Bit Server VM (23.21-b01 mixed mode windows-amd64 compressed oops)
Heap
 PSYoungGen      total 60608K, used 21221K [0x00000007d5eb0000, 0x00000007da320000, 0x0000000800000000)
  eden space 55232K, 28% used [0x00000007d5eb0000,0x00000007d6e2bbe8,0x00000007d94a0000)
  from space 5376K, 99% used [0x00000007d98c0000,0x00000007d9dfdb10,0x00000007d9e00000)
  to   space 5248K, 0% used [0x00000007d9e00000,0x00000007d9e00000,0x00000007da320000)
 ParOldGen       total 148480K, used 64124K [0x0000000781c00000, 0x000000078ad00000, 0x00000007d5eb0000)
  object space 148480K, 43% used [0x0000000781c00000,0x0000000785a9f160,0x000000078ad00000)
 PSPermGen       total 23424K, used 17945K [0x000000077ca00000, 0x000000077e0e0000, 0x0000000781c00000)
  object space 23424K, 76% used [0x000000077ca00000,0x000000077db86468,0x000000077e0e0000)
GC Heap History (8 events):
Event: 1.393 GC heap before
{Heap before GC invocations=1 (full 0):
 PSYoungGen      total 37696K, used 32312K [0x00000007d5eb0000, 0x00000007d88c0000, 0x0000000800000000)
  eden space 32320K, 99% used [0x00000007d5eb0000,0x00000007d7e3e320,0x00000007d7e40000)
  from space 5376K, 0% used [0x00000007d8380000,0x00000007d8380000,0x00000007d88c0000)
  to   space 5376K, 0% used [0x00000007d7e40000,0x00000007d7e40000,0x00000007d8380000)
 ParOldGen       total 86208K, used 39356K [0x0000000781c00000, 0x0000000787030000, 0x00000007d5eb0000)
  object space 86208K, 45% used [0x0000000781c00000,0x000000078426f0d0,0x0000000787030000)
 PSPermGen       total 21248K, used 11572K [0x000000077ca00000, 0x000000077dec0000, 0x0000000781c00000)
  object space 21248K, 54% used [0x000000077ca00000,0x000000077d54d2f8,0x000000077dec0000)
Event: 1.421 GC heap after
Heap after GC invocations=1 (full 0):
 PSYoungGen      total 37696K, used 2163K [0x00000007d5eb0000, 0x00000007da850000, 0x0000000800000000)
  eden space 32320K, 0% used [0x00000007d5eb0000,0x00000007d5eb0000,0x00000007d7e40000)
  from space 5376K, 40% used [0x00000007d7e40000,0x00000007d805cf30,0x00000007d8380000)
  to   space 5376K, 0% used [0x00000007da310000,0x00000007da310000,0x00000007da850000)
 ParOldGen       total 86208K, used 78625K [0x0000000781c00000, 0x0000000787030000, 0x00000007d5eb0000)
  object space 86208K, 91% used [0x0000000781c00000,0x00000007868c8788,0x0000000787030000)
 PSPermGen       total 21248K, used 11572K [0x000000077ca00000, 0x000000077dec0000, 0x0000000781c00000)
  object space 21248K, 54% used [0x000000077ca00000,0x000000077d54d2f8,0x000000077dec0000)
}
Event: 1.421 GC heap before
{Heap before GC invocations=2 (full 1):
 PSYoungGen      total 37696K, used 2163K [0x00000007d5eb0000, 0x00000007da850000, 0x0000000800000000)
  eden space 32320K, 0% used [0x00000007d5eb0000,0x00000007d5eb0000,0x00000007d7e40000)
  from space 5376K, 40% used [0x00000007d7e40000,0x00000007d805cf30,0x00000007d8380000)
  to   space 5376K, 0% used [0x00000007da310000,0x00000007da310000,0x00000007da850000)
 ParOldGen       total 86208K, used 78625K [0x0000000781c00000, 0x0000000787030000, 0x00000007d5eb0000)
  object space 86208K, 91% used [0x0000000781c00000,0x00000007868c8788,0x0000000787030000)
 PSPermGen       total 21248K, used 11572K [0x000000077ca00000, 0x000000077dec0000, 0x0000000781c00000)
  object space 21248K, 54% used [0x000000077ca00000,0x000000077d54d2f8,0x000000077dec0000)
Event: 1.454 GC heap after
Heap after GC invocations=2 (full 1):
 PSYoungGen      total 37696K, used 0K [0x00000007d5eb0000, 0x00000007da850000, 0x0000000800000000)
  eden space 32320K, 0% used [0x00000007d5eb0000,0x00000007d5eb0000,0x00000007d7e40000)
  from space 5376K, 0% used [0x00000007d7e40000,0x00000007d7e40000,0x00000007d8380000)
  to   space 5376K, 0% used [0x00000007da310000,0x00000007da310000,0x00000007da850000)
 ParOldGen       total 148480K, used 54335K [0x0000000781c00000, 0x000000078ad00000, 0x00000007d5eb0000)
  object space 148480K, 36% used [0x0000000781c00000,0x000000078510fe60,0x000000078ad00000)
 PSPermGen       total 23424K, used 11568K [0x000000077ca00000, 0x000000077e0e0000, 0x0000000781c00000)
  object space 23424K, 49% used [0x000000077ca00000,0x000000077d54c260,0x000000077e0e0000)
}
Event: 1.662 GC heap before
{Heap before GC invocations=3 (full 1):
 PSYoungGen      total 37696K, used 32320K [0x00000007d5eb0000, 0x00000007da850000, 0x0000000800000000)
  eden space 32320K, 100% used [0x00000007d5eb0000,0x00000007d7e40000,0x00000007d7e40000)
  from space 5376K, 0% used [0x00000007d7e40000,0x00000007d7e40000,0x00000007d8380000)
  to   space 5376K, 0% used [0x00000007da310000,0x00000007da310000,0x00000007da850000)
 ParOldGen       total 148480K, used 54335K [0x0000000781c00000, 0x000000078ad00000, 0x00000007d5eb0000)
  object space 148480K, 36% used [0x0000000781c00000,0x000000078510fe60,0x000000078ad00000)
 PSPermGen       total 23424K, used 11574K [0x000000077ca00000, 0x000000077e0e0000, 0x0000000781c00000)
  object space 23424K, 49% used [0x000000077ca00000,0x000000077d54d9c0,0x000000077e0e0000)
Event: 1.663 GC heap after
Heap after GC invocations=3 (full 1):
 PSYoungGen      total 43776K, used 160K [0x00000007d5eb0000, 0x00000007da340000, 0x0000000800000000)
  eden space 43584K, 0% used [0x00000007d5eb0000,0x00000007d5eb0000,0x00000007d8940000)
  from space 192K, 83% used [0x00000007da310000,0x00000007da338078,0x00000007da340000)
  to   space 5376K, 0% used [0x00000007d98c0000,0x00000007d98c0000,0x00000007d9e00000)
 ParOldGen       total 148480K, used 54335K [0x0000000781c00000, 0x000000078ad00000, 0x00000007d5eb0000)
  object space 148480K, 36% used [0x0000000781c00000,0x000000078510fe60,0x000000078ad00000)
 PSPermGen       total 23424K, used 11574K [0x000000077ca00000, 0x000000077e0e0000, 0x0000000781c00000)
  object space 23424K, 49% used [0x000000077ca00000,0x000000077d54d9c0,0x000000077e0e0000)
}
Event: 29.989 GC heap before
{Heap before GC invocations=4 (full 1):
 PSYoungGen      total 43776K, used 43744K [0x00000007d5eb0000, 0x00000007da340000, 0x0000000800000000)
  eden space 43584K, 100% used [0x00000007d5eb0000,0x00000007d8940000,0x00000007d8940000)
  from space 192K, 83% used [0x00000007da310000,0x00000007da338078,0x00000007da340000)
  to   space 5376K, 0% used [0x00000007d98c0000,0x00000007d98c0000,0x00000007d9e00000)
 ParOldGen       total 148480K, used 54335K [0x0000000781c00000, 0x000000078ad00000, 0x00000007d5eb0000)
  object space 148480K, 36% used [0x0000000781c00000,0x000000078510fe60,0x000000078ad00000)
 PSPermGen       total 23424K, used 17549K [0x000000077ca00000, 0x000000077e0e0000, 0x0000000781c00000)
  object space 23424K, 74% used [0x000000077ca00000,0x000000077db237c0,0x000000077e0e0000)
Event: 29.998 GC heap after
Heap after GC invocations=4 (full 1):
 PSYoungGen      total 60608K, used 5366K [0x00000007d5eb0000, 0x00000007da320000, 0x0000000800000000)
  eden space 55232K, 0% used [0x00000007d5eb0000,0x00000007d5eb0000,0x00000007d94a0000)
  from space 5376K, 99% used [0x00000007d98c0000,0x00000007d9dfdb10,0x00000007d9e00000)
  to   space 5248K, 0% used [0x00000007d9e00000,0x00000007d9e00000,0x00000007da320000)
 ParOldGen       total 148480K, used 64124K [0x0000000781c00000, 0x000000078ad00000, 0x00000007d5eb0000)
  object space 148480K, 43% used [0x0000000781c00000,0x0000000785a9f160,0x000000078ad00000)
 PSPermGen       total 23424K, used 17549K [0x000000077ca00000, 0x000000077e0e0000, 0x0000000781c00000)
  object space 23424K, 74% used [0x000000077ca00000,0x000000077db237c0,0x000000077e0e0000)
}

